Tue Mar 28 21:22:28.727 2023 : CtMain::main processing for command=/ c 0 show 
Tue Mar 28 21:22:28.728 2023 : Entering LinuxControllerExplorer::explore 
Tue Mar 28 21:22:28.728 2023 : Entering LinuxControllerExplorer::getCtrlCount
Tue Mar 28 21:22:28.728 2023 : LinuxControllerExplorer::getCtrlCount _hDvr=-1 _hDvrSwr =-1
Tue Mar 28 21:22:28.728 2023 : LinuxControllerExplorer::explore ctrlCount=1
Tue Mar 28 21:22:28.728 2023 : returning LinuxControllerExplorer::explore ctrlIdListPtr
Tue Mar 28 21:22:28.728 2023 : SlItControllerExplorer::explore - Entering
Tue Mar 28 21:22:28.728 2023 : StorelibItDp::processLibCommand SL request sent
Tue Mar 28 21:22:28.729 2023 : StorelibItDp::processLibCommand SL responded with retcode=0
Tue Mar 28 21:22:28.729 2023 : StorelibItDp::processLibCommand SL request sent
Tue Mar 28 21:22:28.729 2023 : StorelibItDp::processLibCommand SL responded with retcode=0
Tue Mar 28 21:22:28.729 2023 : SlItControllerExplorer::explore - Getting the StoreLIB instance for SAS3.5 IT controller
Tue Mar 28 21:22:28.729 2023 : StorelibItDp::processLibCommand SL request sent
Tue Mar 28 21:22:28.753 2023 : StorelibItDp::processLibCommand SL responded with retcode=0
Tue Mar 28 21:22:28.753 2023 : SlItControllerExplorer::explore - Issuing SL_GET_CTRL_LIST to SLIT
Tue Mar 28 21:22:28.753 2023 : StorelibItDp::processLibCommand SL request sent
Tue Mar 28 21:22:28.753 2023 : StorelibItDp::processLibCommand SL responded with retcode=0
Tue Mar 28 21:22:28.753 2023 : SlItControllerExplorer::explore - Issuing SL_GET_CTRL_LIST to SLIT - retCode:0x0
Tue Mar 28 21:22:28.753 2023 : SlItControllerExplorer::explore - Controller count:1
Tue Mar 28 21:22:28.753 2023 : SlItControllerExplorer::explore - Controller count index:0
Tue Mar 28 21:22:28.753 2023 : SlItControllerExplorer::explore - Issuing SL_GET_PCI_INFO to SLIT
Tue Mar 28 21:22:28.753 2023 : StorelibItDp::processLibCommand SL request sent
Tue Mar 28 21:22:28.754 2023 : StorelibItDp::processLibCommand SL responded with retcode=0
Tue Mar 28 21:22:28.754 2023 : SlItControllerExplorer::explore - Issuing SL_GET_PCI_INFO to SLIT - retCode:0x0
Tue Mar 28 21:22:28.754 2023 : SlItControllerExplorer::explore - Domain:0 Bus:1 device:0 Function:0
Tue Mar 28 21:22:28.754 2023 : SlItControllerExplorer::explore - Issuing SL_GET_CTRL_INFO to SLIT
Tue Mar 28 21:22:28.754 2023 : StorelibItDp::processLibCommand SL request sent
Tue Mar 28 21:22:28.755 2023 : StorelibItDp::processLibCommand SL responded with retcode=0
Tue Mar 28 21:22:28.755 2023 : SlItControllerExplorer::explore - Issuing SL_GET_CTRL_INFO to SLIT - retCode:0x0
Tue Mar 28 21:22:28.755 2023 : SlItControllerExplorer::explore - Adapter is good
Tue Mar 28 21:22:28.755 2023 : LinuxMfiDataProvider::fireIoctl DCMD=1010000 mbox.w[0]=1 mbox.w[1]=0 mbox.w[2]=0
Tue Mar 28 21:22:28.755 2023 : LinuxMfiDataProvider::fireIoctl send_ioctl retcode=-1 cmdStatus=255
Tue Mar 28 21:22:28.755 2023 : LinuxMfiDataProvider::fireIoctl returning with =-1 errno=9
Tue Mar 28 21:22:28.755 2023 : StorelibItDp::processLibCommand SL request sent
Tue Mar 28 21:22:28.755 2023 : StorelibItDp::processLibCommand SL responded with retcode=0
Tue Mar 28 21:22:28.755 2023 : StorelibItDp::processLibCommand SL request sent
Tue Mar 28 21:22:28.755 2023 : StorelibItDp::processLibCommand SL responded with retcode=0
Tue Mar 28 21:22:28.768 2023 : Entering MWCliRootCp::process ver=007.1613.0000.0000 Oct 29, 2020 copyright=2020
Tue Mar 28 21:22:28.768 2023 : initializing the RaidManager Instance 
Tue Mar 28 21:22:28.768 2023 : Entering ITSwCtPrCp::process
Tue Mar 28 21:22:28.768 2023 : ITSwCtPrCp::process - Retreiving basic controller info
Tue Mar 28 21:22:28.768 2023 : Entering ITSwCtPrCp::getBasicCtrlInfo
Tue Mar 28 21:22:28.768 2023 : Entering ITUtils::getSlCtrlInfo
Tue Mar 28 21:22:28.768 2023 : StorelibItDp::processLibCommand SL request sent
Tue Mar 28 21:22:28.769 2023 : StorelibItDp::processLibCommand SL responded with retcode=0
Tue Mar 28 21:22:28.769 2023 : Exiting ITUtils::getSlCtrlInfo
Tue Mar 28 21:22:28.769 2023 : Entering ITSwCtPrCp::getPciInfo
Tue Mar 28 21:22:28.769 2023 : StorelibItDp::processLibCommand SL request sent
Tue Mar 28 21:22:28.770 2023 : StorelibItDp::processLibCommand SL responded with retcode=0
Tue Mar 28 21:22:28.770 2023 : Exiting ITSwCtPrCp::getPciInfo
Tue Mar 28 21:22:28.770 2023 : Entering ITSwCtPrCp::getDriverInfo
Tue Mar 28 21:22:28.770 2023 : StorelibItDp::processLibCommand SL request sent
Tue Mar 28 21:22:28.770 2023 : StorelibItDp::processLibCommand SL responded with retcode=0
Tue Mar 28 21:22:28.770 2023 : Exiting ITSwCtPrCp::getDriverInfo
Tue Mar 28 21:22:28.770 2023 : Entering ITUtils::GetManufacturingPage0
Tue Mar 28 21:22:28.770 2023 : StorelibItDp::processLibCommand SL request sent
Tue Mar 28 21:22:28.770 2023 : StorelibItDp::processLibCommand SL responded with retcode=0
Tue Mar 28 21:22:28.770 2023 : Exiting ITUtils::GetManufacturingPage0
Tue Mar 28 21:22:28.770 2023 : ITUtils::isPlatformSecSupported - Getting controller information...
Tue Mar 28 21:22:28.770 2023 : Entering ITUtils::getSlCtrlInfo
Tue Mar 28 21:22:28.770 2023 : StorelibItDp::processLibCommand SL request sent
Tue Mar 28 21:22:28.770 2023 : StorelibItDp::processLibCommand SL responded with retcode=0
Tue Mar 28 21:22:28.770 2023 : Exiting ITUtils::getSlCtrlInfo
Tue Mar 28 21:22:28.770 2023 : ITUtils::isPlatformSecSupported - getSlCtrlInfo retCode:0
Tue Mar 28 21:22:28.770 2023 : Exiting ITSwCtPrCp::getBasicCtrlInfo
Tue Mar 28 21:22:28.770 2023 : ITSwCtPrCp::process - Retreiving drive information
Tue Mar 28 21:22:28.770 2023 : Entering ITSwCtPrCp::getPdInfoTable
Tue Mar 28 21:22:28.770 2023 : Entering ITUtils::GetPdList
Tue Mar 28 21:22:28.770 2023 : StorelibItDp::processLibCommand SL request sent
Tue Mar 28 21:22:28.770 2023 : StorelibItDp::processLibCommand SL responded with retcode=0
Tue Mar 28 21:22:28.770 2023 : Exiting ITUtils::GetPdList
Tue Mar 28 21:22:28.770 2023 : Entering ITSwCtPrCp::createSortedPdData
Tue Mar 28 21:22:28.770 2023 : Exiting ITSwCtPrCp::createSortedPdData
Tue Mar 28 21:22:28.770 2023 : StorelibItDp::processLibCommand SL request sent
Tue Mar 28 21:22:28.770 2023 : StorelibItDp::processLibCommand SL responded with retcode=0
Tue Mar 28 21:22:28.770 2023 : Entering ITUtils::slGetPdInfo
Tue Mar 28 21:22:28.770 2023 : Entering ITUtils::getPdInfo for devid=0
Tue Mar 28 21:22:28.770 2023 : StorelibItDp::processLibCommand SL request sent
Tue Mar 28 21:22:28.771 2023 : StorelibItDp::processLibCommand SL responded with retcode=0
Tue Mar 28 21:22:28.771 2023 : Exiting ITUtils::getPdInfo
Tue Mar 28 21:22:28.771 2023 : ITUtils::slGetPdInfo  pdfwstate=64
Tue Mar 28 21:22:28.771 2023 : Exiting ITUtils::slGetPdInfo
Tue Mar 28 21:22:28.771 2023 : Entering ITUtils::slGetPdInfo
Tue Mar 28 21:22:28.771 2023 : Entering ITUtils::getPdInfo for devid=6
Tue Mar 28 21:22:28.771 2023 : StorelibItDp::processLibCommand SL request sent
Tue Mar 28 21:22:28.771 2023 : StorelibItDp::processLibCommand SL responded with retcode=0
Tue Mar 28 21:22:28.771 2023 : Exiting ITUtils::getPdInfo
Tue Mar 28 21:22:28.771 2023 : ITUtils::slGetPdInfo  pdfwstate=64
Tue Mar 28 21:22:28.771 2023 : Exiting ITUtils::slGetPdInfo
Tue Mar 28 21:22:28.771 2023 : Entering ITUtils::slGetPdInfo
Tue Mar 28 21:22:28.771 2023 : Entering ITUtils::getPdInfo for devid=8
Tue Mar 28 21:22:28.771 2023 : StorelibItDp::processLibCommand SL request sent
Tue Mar 28 21:22:28.772 2023 : StorelibItDp::processLibCommand SL responded with retcode=0
Tue Mar 28 21:22:28.772 2023 : Exiting ITUtils::getPdInfo
Tue Mar 28 21:22:28.772 2023 : ITUtils::slGetPdInfo  pdfwstate=64
Tue Mar 28 21:22:28.772 2023 : Exiting ITUtils::slGetPdInfo
Tue Mar 28 21:22:28.772 2023 : Entering ITUtils::slGetPdInfo
Tue Mar 28 21:22:28.772 2023 : Entering ITUtils::getPdInfo for devid=2
Tue Mar 28 21:22:28.772 2023 : StorelibItDp::processLibCommand SL request sent
Tue Mar 28 21:22:28.773 2023 : StorelibItDp::processLibCommand SL responded with retcode=0
Tue Mar 28 21:22:28.773 2023 : Exiting ITUtils::getPdInfo
Tue Mar 28 21:22:28.773 2023 : ITUtils::slGetPdInfo  pdfwstate=64
Tue Mar 28 21:22:28.773 2023 : Exiting ITUtils::slGetPdInfo
Tue Mar 28 21:22:28.773 2023 : Entering ITUtils::slGetPdInfo
Tue Mar 28 21:22:28.773 2023 : Entering ITUtils::getPdInfo for devid=4
Tue Mar 28 21:22:28.773 2023 : StorelibItDp::processLibCommand SL request sent
Tue Mar 28 21:22:28.773 2023 : StorelibItDp::processLibCommand SL responded with retcode=0
Tue Mar 28 21:22:28.773 2023 : Exiting ITUtils::getPdInfo
Tue Mar 28 21:22:28.773 2023 : ITUtils::slGetPdInfo  pdfwstate=64
Tue Mar 28 21:22:28.773 2023 : Exiting ITUtils::slGetPdInfo
Tue Mar 28 21:22:28.773 2023 : Entering ITUtils::slGetPdInfo
Tue Mar 28 21:22:28.773 2023 : Entering ITUtils::getPdInfo for devid=1
Tue Mar 28 21:22:28.773 2023 : StorelibItDp::processLibCommand SL request sent
Tue Mar 28 21:22:28.774 2023 : StorelibItDp::processLibCommand SL responded with retcode=0
Tue Mar 28 21:22:28.774 2023 : Exiting ITUtils::getPdInfo
Tue Mar 28 21:22:28.774 2023 : ITUtils::slGetPdInfo  pdfwstate=64
Tue Mar 28 21:22:28.774 2023 : Exiting ITUtils::slGetPdInfo
Tue Mar 28 21:22:28.774 2023 : Entering ITUtils::slGetPdInfo
Tue Mar 28 21:22:28.774 2023 : Entering ITUtils::getPdInfo for devid=7
Tue Mar 28 21:22:28.774 2023 : StorelibItDp::processLibCommand SL request sent
Tue Mar 28 21:22:28.774 2023 : StorelibItDp::processLibCommand SL responded with retcode=0
Tue Mar 28 21:22:28.774 2023 : Exiting ITUtils::getPdInfo
Tue Mar 28 21:22:28.774 2023 : ITUtils::slGetPdInfo  pdfwstate=64
Tue Mar 28 21:22:28.774 2023 : Exiting ITUtils::slGetPdInfo
Tue Mar 28 21:22:28.774 2023 : Entering ITUtils::slGetPdInfo
Tue Mar 28 21:22:28.774 2023 : Entering ITUtils::getPdInfo for devid=5
Tue Mar 28 21:22:28.774 2023 : StorelibItDp::processLibCommand SL request sent
Tue Mar 28 21:22:28.775 2023 : StorelibItDp::processLibCommand SL responded with retcode=0
Tue Mar 28 21:22:28.775 2023 : Exiting ITUtils::getPdInfo
Tue Mar 28 21:22:28.775 2023 : ITUtils::slGetPdInfo  pdfwstate=64
Tue Mar 28 21:22:28.775 2023 : Exiting ITUtils::slGetPdInfo
Tue Mar 28 21:22:28.775 2023 : Entering ITUtils::slGetPdInfo
Tue Mar 28 21:22:28.775 2023 : Entering ITUtils::getPdInfo for devid=3
Tue Mar 28 21:22:28.775 2023 : StorelibItDp::processLibCommand SL request sent
Tue Mar 28 21:22:28.775 2023 : StorelibItDp::processLibCommand SL responded with retcode=0
Tue Mar 28 21:22:28.775 2023 : Exiting ITUtils::getPdInfo
Tue Mar 28 21:22:28.775 2023 : ITUtils::slGetPdInfo  pdfwstate=64
Tue Mar 28 21:22:28.775 2023 : Exiting ITUtils::slGetPdInfo
Tue Mar 28 21:22:28.776 2023 : Exiting ITSwCtPrCp::process
Tue Mar 28 21:22:28.776 2023 : MWCliRootCp::process processed for subtokenID=12 errorCode=0
Tue Mar 28 21:22:28.776 2023 : Entering MWCliRootCp::handleOuput retCode=0, DriveFull=0
Tue Mar 28 21:22:28.776 2023 : StorelibItDp::processLibCommand SL request sent
Tue Mar 28 21:22:28.782 2023 : StorelibItDp::processLibCommand SL responded with retcode=0
Tue Mar 28 21:22:28.782 2023 : StorelibItDp::processLibCommand SL request sent
Tue Mar 28 21:22:28.782 2023 : StorelibItDp::processLibCommand SL responded with retcode=0
Tue Mar 28 21:22:28.782 2023 : CtMain::main command completed with retcode=0

